INFO  [2022-06-24 17:18:00.806] [,] --- [           main] com.wlb.demo.gateway.GatewayApplication -[  55]  : Starting GatewayApplication using Java 1.8.0_281 on DESKTOP-ATVUUQC with PID 30648 (D:\git-space\demo\gateway\target\classes started by PC in D:\git-space\demo\gateway) 
INFO  [2022-06-24 17:18:00.811] [,] --- [           main] com.wlb.demo.gateway.GatewayApplication -[ 640]  : The following 1 profile is active: "local" 
INFO  [2022-06-24 17:18:01.923] [,] --- [           main] .s.d.r.c.RepositoryConfigurationDelegate-[ 262]  : Multiple Spring Data modules found, entering strict repository configuration mode 
INFO  [2022-06-24 17:18:01.927] [,] --- [           main] .s.d.r.c.RepositoryConfigurationDelegate-[ 132]  : Bootstrapping Spring Data Redis repositories in DEFAULT mode. 
INFO  [2022-06-24 17:18:01.949] [,] --- [           main] .s.d.r.c.RepositoryConfigurationDelegate-[ 201]  : Finished Spring Data repository scanning in 4 ms. Found 0 Redis repository interfaces. 
INFO  [2022-06-24 17:18:02.266] [,] --- [           main] o.s.cloud.context.scope.GenericScope    -[ 283]  : BeanFactory id=e00fcc2b-2618-3080-90ea-064c50c83765 
INFO  [2022-06-24 17:18:02.552] [,] --- [           main] trationDelegate$BeanPostProcessorChecker-[ 376]  : Bean 'org.springframework.cloud.client.loadbalancer.reactive.LoadBalancerBeanPostProcessorAutoConfiguration' of type [org.springframework.cloud.client.loadbalancer.reactive.LoadBalancerBeanPostProcessorAutoConfiguration] is not eligible for getting processed by all BeanPostProcessors (for example: not eligible for auto-proxying) 
INFO  [2022-06-24 17:18:02.555] [,] --- [           main] trationDelegate$BeanPostProcessorChecker-[ 376]  : Bean 'org.springframework.cloud.client.loadbalancer.reactive.LoadBalancerBeanPostProcessorAutoConfiguration$ReactorDeferringLoadBalancerFilterConfig' of type [org.springframework.cloud.client.loadbalancer.reactive.LoadBalancerBeanPostProcessorAutoConfiguration$ReactorDeferringLoadBalancerFilterConfig] is not eligible for getting processed by all BeanPostProcessors (for example: not eligible for auto-proxying) 
INFO  [2022-06-24 17:18:02.560] [,] --- [           main] trationDelegate$BeanPostProcessorChecker-[ 376]  : Bean 'reactorDeferringLoadBalancerExchangeFilterFunction' of type [org.springframework.cloud.client.loadbalancer.reactive.DeferringLoadBalancerExchangeFilterFunction] is not eligible for getting processed by all BeanPostProcessors (for example: not eligible for auto-proxying) 
INFO  [2022-06-24 17:18:04.911] [,] --- [           main] o.s.c.g.r.RouteDefinitionRouteLocator   -[  88]  : Loaded RoutePredicateFactory [After] 
INFO  [2022-06-24 17:18:04.912] [,] --- [           main] o.s.c.g.r.RouteDefinitionRouteLocator   -[  88]  : Loaded RoutePredicateFactory [Before] 
INFO  [2022-06-24 17:18:04.912] [,] --- [           main] o.s.c.g.r.RouteDefinitionRouteLocator   -[  88]  : Loaded RoutePredicateFactory [Between] 
INFO  [2022-06-24 17:18:04.912] [,] --- [           main] o.s.c.g.r.RouteDefinitionRouteLocator   -[  88]  : Loaded RoutePredicateFactory [Cookie] 
INFO  [2022-06-24 17:18:04.912] [,] --- [           main] o.s.c.g.r.RouteDefinitionRouteLocator   -[  88]  : Loaded RoutePredicateFactory [Header] 
INFO  [2022-06-24 17:18:04.913] [,] --- [           main] o.s.c.g.r.RouteDefinitionRouteLocator   -[  88]  : Loaded RoutePredicateFactory [Host] 
INFO  [2022-06-24 17:18:04.913] [,] --- [           main] o.s.c.g.r.RouteDefinitionRouteLocator   -[  88]  : Loaded RoutePredicateFactory [Method] 
INFO  [2022-06-24 17:18:04.914] [,] --- [           main] o.s.c.g.r.RouteDefinitionRouteLocator   -[  88]  : Loaded RoutePredicateFactory [Path] 
INFO  [2022-06-24 17:18:04.914] [,] --- [           main] o.s.c.g.r.RouteDefinitionRouteLocator   -[  88]  : Loaded RoutePredicateFactory [Query] 
INFO  [2022-06-24 17:18:04.914] [,] --- [           main] o.s.c.g.r.RouteDefinitionRouteLocator   -[  88]  : Loaded RoutePredicateFactory [ReadBody] 
INFO  [2022-06-24 17:18:04.915] [,] --- [           main] o.s.c.g.r.RouteDefinitionRouteLocator   -[  88]  : Loaded RoutePredicateFactory [RemoteAddr] 
INFO  [2022-06-24 17:18:04.915] [,] --- [           main] o.s.c.g.r.RouteDefinitionRouteLocator   -[  88]  : Loaded RoutePredicateFactory [XForwardedRemoteAddr] 
INFO  [2022-06-24 17:18:04.915] [,] --- [           main] o.s.c.g.r.RouteDefinitionRouteLocator   -[  88]  : Loaded RoutePredicateFactory [Weight] 
INFO  [2022-06-24 17:18:04.915] [,] --- [           main] o.s.c.g.r.RouteDefinitionRouteLocator   -[  88]  : Loaded RoutePredicateFactory [CloudFoundryRouteService] 
INFO  [2022-06-24 17:18:05.222] [,] --- [           main] o.s.b.a.e.web.EndpointLinksResolver     -[  58]  : Exposing 5 endpoint(s) beneath base path '/actuator' 
WARN  [2022-06-24 17:18:05.658] [,] --- [           main] iguration$LoadBalancerCaffeineWarnLogger-[  82]  : Spring Cloud LoadBalancer is currently working with the default cache. While this cache implementation is useful for development and tests, it's recommended to use Caffeine cache in production.You can switch to using Caffeine cache, by adding it and org.springframework.cache.caffeine.CaffeineCacheManager to the classpath. 
INFO  [2022-06-24 17:18:05.984] [,] --- [           main] o.s.b.web.embedded.netty.NettyWebServer -[ 111]  : Netty started on port 18000 
INFO  [2022-06-24 17:18:05.987] [,] --- [           main] o.s.c.c.s.ConsulServiceRegistry         -[  65]  : Registering service with consul: NewService{id='gateway-45ad5fc4-31bf-421a-bcd8-09fd2710a5f8', name='gateway', tags=[], address='192.168.18.21', meta={secure=false}, port=18000, enableTagOverride=null, check=Check{script='null', dockerContainerID='null', shell='null', interval='10s', ttl='null', http='http://192.168.18.21:18000/actuator/health', method='null', header={}, tcp='null', timeout='null', deregisterCriticalServiceAfter='null', tlsSkipVerify=null, status='null', grpc='null', grpcUseTLS=null}, checks=null} 
INFO  [2022-06-24 17:18:06.401] [,] --- [           main] com.wlb.demo.gateway.GatewayApplication -[  61]  : Started GatewayApplication in 6.834 seconds (JVM running for 7.828) 
